<?xml version="1.0" encoding="UTF-8"?>
<!-- Generated by org.testng.reporters.JUnitReportReporter -->
<testsuite hostname="DESKTOP-B0DD0C2" failures="0" tests="1" name="testFile.TestClass" time="1.063" errors="0" timestamp="2023-06-01T17:39:27 IST" skipped="0">
  <testcase classname="testFile.TestClass" name="TestLoginForm" time="1.063"/>
  <system-out/>
</testsuite> <!-- testFile.TestClass -->
