<?xml version="1.0" encoding="UTF-8"?>
<!-- Generated by org.testng.reporters.JUnitReportReporter -->
<testsuite hostname="DESKTOP-B0DD0C2" failures="0" tests="1" name="selenium.BaseClass" time="8.008" errors="0" timestamp="2023-06-01T10:55:45 IST" skipped="0">
  <testcase classname="selenium.BaseClass" name="LaunghBrowser" time="8.008"/>
  <system-out/>
</testsuite> <!-- selenium.BaseClass -->
